# JRE version: Java(TM) SE Runtime Environment (11.0.2+9) (build 11.0.2+9-LTS)
# Java VM: Java HotSpot(TM) 64-Bit Server VM (11.0.2+9-LTS, mixed mode, tiered, compressed oops, g1 gc, windows-amd64)
Heap:
 garbage-first heap   total 531456K, used 423378K [0x0000000080000000, 0x0000000100000000)
  region size 1024K, 124 young (126976K), 12 survivors (12288K)
 Metaspace       used 136830K, capacity 141723K, committed 142028K, reserved 638976K
  class space    used 17766K, capacity 19676K, committed 19788K, reserved 516096K
GC Heap History (10 events):
Event: 150.139 GC heap before
{Heap before GC invocations=259 (full 0):
 garbage-first heap   total 531456K, used 449429K [0x0000000080000000, 0x0000000100000000)
  region size 1024K, 176 young (180224K), 10 survivors (10240K)
 Metaspace       used 136793K, capacity 141699K, committed 142028K, reserved 638976K
  class space    used 17760K, capacity 19669K, committed 19788K, reserved 516096K
}
Event: 150.163 GC heap after
{Heap after GC invocations=260 (full 0):
 garbage-first heap   total 531456K, used 289149K [0x0000000080000000, 0x0000000100000000)
  region size 1024K, 19 young (19456K), 19 survivors (19456K)
 Metaspace       used 136793K, capacity 141699K, committed 142028K, reserved 638976K
  class space    used 17760K, capacity 19669K, committed 19788K, reserved 516096K
}
Event: 151.104 GC heap before
{Heap before GC invocations=260 (full 0):
 garbage-first heap   total 531456K, used 445821K [0x0000000080000000, 0x0000000100000000)
  region size 1024K, 172 young (176128K), 19 survivors (19456K)
 Metaspace       used 136796K, capacity 141700K, committed 142028K, reserved 638976K
  class space    used 17760K, capacity 19669K, committed 19788K, reserved 516096K
}
Event: 151.130 GC heap after
{Heap after GC invocations=261 (full 0):
 garbage-first heap   total 531456K, used 299703K [0x0000000080000000, 0x0000000100000000)
  region size 1024K, 17 young (17408K), 17 survivors (17408K)
 Metaspace       used 136796K, capacity 141700K, committed 142028K, reserved 638976K
  class space    used 17760K, capacity 19669K, committed 19788K, reserved 516096K
}
Event: 152.376 GC heap before
{Heap before GC invocations=261 (full 0):
 garbage-first heap   total 531456K, used 442039K [0x0000000080000000, 0x0000000100000000)
  region size 1024K, 156 young (159744K), 17 survivors (17408K)
 Metaspace       used 136798K, capacity 141703K, committed 142028K, reserved 638976K
  class space    used 17761K, capacity 19670K, committed 19788K, reserved 516096K
}
Event: 152.397 GC heap after
{Heap after GC invocations=262 (full 0):
 garbage-first heap   total 531456K, used 306176K [0x0000000080000000, 0x0000000100000000)
  region size 1024K, 8 young (8192K), 8 survivors (8192K)
 Metaspace       used 136798K, capacity 141703K, committed 142028K, reserved 638976K
  class space    used 17761K, capacity 19670K, committed 19788K, reserved 516096K
}
Event: 153.728 GC heap before
{Heap before GC invocations=262 (full 0):
 garbage-first heap   total 531456K, used 446464K [0x0000000080000000, 0x0000000100000000)
  region size 1024K, 145 young (148480K), 8 survivors (8192K)
 Metaspace       used 136821K, capacity 141721K, committed 142028K, reserved 638976K
  class space    used 17766K, capacity 19676K, committed 19788K, reserved 516096K
}
Event: 153.747 GC heap after
{Heap after GC invocations=263 (full 0):
 garbage-first heap   total 531456K, used 308119K [0x0000000080000000, 0x0000000100000000)
  region size 1024K, 10 young (10240K), 10 survivors (10240K)
 Metaspace       used 136821K, capacity 141721K, committed 142028K, reserved 638976K
  class space    used 17766K, capacity 19676K, committed 19788K, reserved 516096K
}
Event: 154.218 GC heap before
{Heap before GC invocations=263 (full 0):
 garbage-first heap   total 531456K, used 450455K [0x0000000080000000, 0x0000000100000000)
  region size 1024K, 149 young (152576K), 10 survivors (10240K)
 Metaspace       used 136823K, capacity 141721K, committed 142028K, reserved 638976K
  class space    used 17766K, capacity 19676K, committed 19788K, reserved 516096K
}
Event: 154.230 GC heap after
{Heap after GC invocations=264 (full 0):
 garbage-first heap   total 531456K, used 309714K [0x0000000080000000, 0x0000000100000000)
  region size 1024K, 12 young (12288K), 12 survivors (12288K)
 Metaspace       used 136823K, capacity 141721K, committed 142028K, reserved 638976K
  class space    used 17766K, capacity 19676K, committed 19788K, reserved 516096K
}

