# JRE version: Java(TM) SE Runtime Environment (11.0.2+9) (build 11.0.2+9-LTS)
# Java VM: Java HotSpot(TM) 64-Bit Server VM (11.0.2+9-LTS, mixed mode, tiered, compressed oops, g1 gc, windows-amd64)
Heap:
 garbage-first heap   total 324608K, used 283314K [0x0000000080000000, 0x0000000100000000)
  region size 1024K, 151 young (154624K), 4 survivors (4096K)
 Metaspace       used 147187K, capacity 150411K, committed 150604K, reserved 649216K
  class space    used 17488K, capacity 18794K, committed 18816K, reserved 516096K
GC Heap History (10 events):
Event: 168.296 GC heap before
{Heap before GC invocations=140 (full 0):
 garbage-first heap   total 324608K, used 284508K [0x0000000080000000, 0x0000000100000000)
  region size 1024K, 149 young (152576K), 7 survivors (7168K)
 Metaspace       used 147178K, capacity 150411K, committed 150604K, reserved 649216K
  class space    used 17488K, capacity 18794K, committed 18816K, reserved 516096K
}
Event: 168.300 GC heap after
{Heap after GC invocations=141 (full 0):
 garbage-first heap   total 324608K, used 137969K [0x0000000080000000, 0x0000000100000000)
  region size 1024K, 6 young (6144K), 6 survivors (6144K)
 Metaspace       used 147178K, capacity 150411K, committed 150604K, reserved 649216K
  class space    used 17488K, capacity 18794K, committed 18816K, reserved 516096K
}
Event: 168.614 GC heap before
{Heap before GC invocations=141 (full 0):
 garbage-first heap   total 324608K, used 286449K [0x0000000080000000, 0x0000000100000000)
  region size 1024K, 150 young (153600K), 6 survivors (6144K)
 Metaspace       used 147178K, capacity 150411K, committed 150604K, reserved 649216K
  class space    used 17488K, capacity 18794K, committed 18816K, reserved 516096K
}
Event: 168.618 GC heap after
{Heap after GC invocations=142 (full 0):
 garbage-first heap   total 324608K, used 135856K [0x0000000080000000, 0x0000000100000000)
  region size 1024K, 5 young (5120K), 5 survivors (5120K)
 Metaspace       used 147178K, capacity 150411K, committed 150604K, reserved 649216K
  class space    used 17488K, capacity 18794K, committed 18816K, reserved 516096K
}
Event: 168.800 GC heap before
{Heap before GC invocations=142 (full 0):
 garbage-first heap   total 324608K, used 284336K [0x0000000080000000, 0x0000000100000000)
  region size 1024K, 151 young (154624K), 5 survivors (5120K)
 Metaspace       used 147178K, capacity 150411K, committed 150604K, reserved 649216K
  class space    used 17488K, capacity 18794K, committed 18816K, reserved 516096K
}
Event: 168.804 GC heap after
{Heap after GC invocations=143 (full 0):
 garbage-first heap   total 324608K, used 136524K [0x0000000080000000, 0x0000000100000000)
  region size 1024K, 6 young (6144K), 6 survivors (6144K)
 Metaspace       used 147178K, capacity 150411K, committed 150604K, reserved 649216K
  class space    used 17488K, capacity 18794K, committed 18816K, reserved 516096K
}
Event: 168.919 GC heap before
{Heap before GC invocations=143 (full 0):
 garbage-first heap   total 324608K, used 285004K [0x0000000080000000, 0x0000000100000000)
  region size 1024K, 151 young (154624K), 6 survivors (6144K)
 Metaspace       used 147185K, capacity 150411K, committed 150604K, reserved 649216K
  class space    used 17488K, capacity 18794K, committed 18816K, reserved 516096K
}
Event: 168.922 GC heap after
{Heap after GC invocations=144 (full 0):
 garbage-first heap   total 324608K, used 133276K [0x0000000080000000, 0x0000000100000000)
  region size 1024K, 4 young (4096K), 4 survivors (4096K)
 Metaspace       used 147185K, capacity 150411K, committed 150604K, reserved 649216K
  class space    used 17488K, capacity 18794K, committed 18816K, reserved 516096K
}
Event: 170.744 GC heap before
{Heap before GC invocations=144 (full 0):
 garbage-first heap   total 324608K, used 283804K [0x0000000080000000, 0x0000000100000000)
  region size 1024K, 151 young (154624K), 4 survivors (4096K)
 Metaspace       used 147186K, capacity 150411K, committed 150604K, reserved 649216K
  class space    used 17488K, capacity 18794K, committed 18816K, reserved 516096K
}
Event: 170.748 GC heap after
{Heap after GC invocations=145 (full 0):
 garbage-first heap   total 324608K, used 133810K [0x0000000080000000, 0x0000000100000000)
  region size 1024K, 4 young (4096K), 4 survivors (4096K)
 Metaspace       used 147186K, capacity 150411K, committed 150604K, reserved 649216K
  class space    used 17488K, capacity 18794K, committed 18816K, reserved 516096K
}

