# JRE version: Java(TM) SE Runtime Environment (11.0.2+9) (build 11.0.2+9-LTS)
# Java VM: Java HotSpot(TM) 64-Bit Server VM (11.0.2+9-LTS, mixed mode, tiered, compressed oops, g1 gc, windows-amd64)
Heap:
 garbage-first heap   total 187392K, used 115712K [0x0000000082800000, 0x0000000100000000)
  region size 1024K, 51 young (52224K), 2 survivors (2048K)
 Metaspace       used 82367K, capacity 83245K, committed 83444K, reserved 1124352K
  class space    used 9096K, capacity 9469K, committed 9472K, reserved 1048576K
GC Heap History (10 events):
Event: 5.551 GC heap before
{Heap before GC invocations=9 (full 0):
 garbage-first heap   total 155648K, used 92634K [0x0000000082800000, 0x0000000100000000)
  region size 1024K, 60 young (61440K), 4 survivors (4096K)
 Metaspace       used 59722K, capacity 60475K, committed 60752K, reserved 1103872K
  class space    used 7029K, capacity 7354K, committed 7424K, reserved 1048576K
}
Event: 5.566 GC heap after
{Heap after GC invocations=10 (full 0):
 garbage-first heap   total 155648K, used 43607K [0x0000000082800000, 0x0000000100000000)
  region size 1024K, 8 young (8192K), 8 survivors (8192K)
 Metaspace       used 59722K, capacity 60475K, committed 60752K, reserved 1103872K
  class space    used 7029K, capacity 7354K, committed 7424K, reserved 1048576K
}
Event: 6.718 GC heap before
{Heap before GC invocations=10 (full 0):
 garbage-first heap   total 155648K, used 101975K [0x0000000082800000, 0x0000000100000000)
  region size 1024K, 65 young (66560K), 8 survivors (8192K)
 Metaspace       used 62212K, capacity 62945K, committed 63056K, reserved 1105920K
  class space    used 7250K, capacity 7576K, committed 7680K, reserved 1048576K
}
Event: 6.739 GC heap after
{Heap after GC invocations=11 (full 0):
 garbage-first heap   total 155648K, used 52449K [0x0000000082800000, 0x0000000100000000)
  region size 1024K, 9 young (9216K), 9 survivors (9216K)
 Metaspace       used 62212K, capacity 62945K, committed 63056K, reserved 1105920K
  class space    used 7250K, capacity 7576K, committed 7680K, reserved 1048576K
}
Event: 9.209 GC heap before
{Heap before GC invocations=11 (full 0):
 garbage-first heap   total 155648K, used 107745K [0x0000000082800000, 0x0000000100000000)
  region size 1024K, 63 young (64512K), 9 survivors (9216K)
 Metaspace       used 66613K, capacity 67411K, committed 67664K, reserved 1110016K
  class space    used 7503K, capacity 7833K, committed 7936K, reserved 1048576K
}
Event: 9.230 GC heap after
{Heap after GC invocations=12 (full 0):
 garbage-first heap   total 187392K, used 58766K [0x0000000082800000, 0x0000000100000000)
  region size 1024K, 7 young (7168K), 7 survivors (7168K)
 Metaspace       used 66613K, capacity 67411K, committed 67664K, reserved 1110016K
  class space    used 7503K, capacity 7833K, committed 7936K, reserved 1048576K
}
Event: 10.843 GC heap before
{Heap before GC invocations=12 (full 0):
 garbage-first heap   total 187392K, used 123278K [0x0000000082800000, 0x0000000100000000)
  region size 1024K, 70 young (71680K), 7 survivors (7168K)
 Metaspace       used 74366K, capacity 75195K, committed 75344K, reserved 1116160K
  class space    used 8232K, capacity 8599K, committed 8704K, reserved 1048576K
}
Event: 10.881 GC heap after
{Heap after GC invocations=13 (full 0):
 garbage-first heap   total 187392K, used 64819K [0x0000000082800000, 0x0000000100000000)
  region size 1024K, 6 young (6144K), 6 survivors (6144K)
 Metaspace       used 74366K, capacity 75195K, committed 75344K, reserved 1116160K
  class space    used 8232K, capacity 8599K, committed 8704K, reserved 1048576K
}
Event: 11.044 GC heap before
{Heap before GC invocations=13 (full 0):
 garbage-first heap   total 187392K, used 76083K [0x0000000082800000, 0x0000000100000000)
  region size 1024K, 18 young (18432K), 6 survivors (6144K)
 Metaspace       used 75545K, capacity 76350K, committed 76496K, reserved 1118208K
  class space    used 8364K, capacity 8728K, committed 8832K, reserved 1048576K
}
Event: 11.063 GC heap after
{Heap after GC invocations=14 (full 0):
 garbage-first heap   total 187392K, used 66560K [0x0000000082800000, 0x0000000100000000)
  region size 1024K, 2 young (2048K), 2 survivors (2048K)
 Metaspace       used 75545K, capacity 76350K, committed 76496K, reserved 1118208K
  class space    used 8364K, capacity 8728K, committed 8832K, reserved 1048576K
}

