# JRE version: Java(TM) SE Runtime Environment (11.0.2+9) (build 11.0.2+9-LTS)
# Java VM: Java HotSpot(TM) 64-Bit Server VM (11.0.2+9-LTS, mixed mode, tiered, compressed oops, g1 gc, windows-amd64)
Heap:
 garbage-first heap   total 129024K, used 96847K [0x0000000080000000, 0x0000000100000000)
  region size 1024K, 30 young (30720K), 3 survivors (3072K)
 Metaspace       used 84751K, capacity 86911K, committed 87204K, reserved 591872K
  class space    used 11021K, capacity 11913K, committed 12032K, reserved 516096K
GC Heap History (10 events):
Event: 39.152 GC heap before
{Heap before GC invocations=18 (full 0):
 garbage-first heap   total 129024K, used 105070K [0x0000000080000000, 0x0000000100000000)
  region size 1024K, 49 young (50176K), 7 survivors (7168K)
 Metaspace       used 79544K, capacity 81676K, committed 81828K, reserved 587776K
  class space    used 10316K, capacity 11205K, committed 11264K, reserved 516096K
}
Event: 39.157 GC heap after
{Heap after GC invocations=19 (full 0):
 garbage-first heap   total 129024K, used 64350K [0x0000000080000000, 0x0000000100000000)
  region size 1024K, 4 young (4096K), 4 survivors (4096K)
 Metaspace       used 79544K, capacity 81676K, committed 81828K, reserved 587776K
  class space    used 10316K, capacity 11205K, committed 11264K, reserved 516096K
}
Event: 39.407 GC heap before
{Heap before GC invocations=19 (full 0):
 garbage-first heap   total 129024K, used 66398K [0x0000000080000000, 0x0000000100000000)
  region size 1024K, 7 young (7168K), 4 survivors (4096K)
 Metaspace       used 80095K, capacity 82252K, committed 82468K, reserved 587776K
  class space    used 10377K, capacity 11269K, committed 11392K, reserved 516096K
}
Event: 39.410 GC heap after
{Heap after GC invocations=20 (full 0):
 garbage-first heap   total 129024K, used 65454K [0x0000000080000000, 0x0000000100000000)
  region size 1024K, 2 young (2048K), 2 survivors (2048K)
 Metaspace       used 80095K, capacity 82252K, committed 82468K, reserved 587776K
  class space    used 10377K, capacity 11269K, committed 11392K, reserved 516096K
}
Event: 39.698 GC heap before
{Heap before GC invocations=21 (full 0):
 garbage-first heap   total 129024K, used 83886K [0x0000000080000000, 0x0000000100000000)
  region size 1024K, 16 young (16384K), 2 survivors (2048K)
 Metaspace       used 80092K, capacity 82246K, committed 82468K, reserved 587776K
  class space    used 10376K, capacity 11266K, committed 11392K, reserved 516096K
}
Event: 39.703 GC heap after
{Heap after GC invocations=22 (full 0):
 garbage-first heap   total 129024K, used 71708K [0x0000000080000000, 0x0000000100000000)
  region size 1024K, 5 young (5120K), 5 survivors (5120K)
 Metaspace       used 80092K, capacity 82246K, committed 82468K, reserved 587776K
  class space    used 10376K, capacity 11266K, committed 11392K, reserved 516096K
}
Event: 40.533 GC heap before
{Heap before GC invocations=23 (full 0):
 garbage-first heap   total 129024K, used 102428K [0x0000000080000000, 0x0000000100000000)
  region size 1024K, 33 young (33792K), 5 survivors (5120K)
 Metaspace       used 82433K, capacity 84555K, committed 84772K, reserved 589824K
  class space    used 10672K, capacity 11561K, committed 11648K, reserved 516096K
}
Event: 40.537 GC heap after
{Heap after GC invocations=24 (full 0):
 garbage-first heap   total 129024K, used 68322K [0x0000000080000000, 0x0000000100000000)
  region size 1024K, 2 young (2048K), 2 survivors (2048K)
 Metaspace       used 82433K, capacity 84555K, committed 84772K, reserved 589824K
  class space    used 10672K, capacity 11561K, committed 11648K, reserved 516096K
}
Event: 40.875 GC heap before
{Heap before GC invocations=24 (full 0):
 garbage-first heap   total 129024K, used 80610K [0x0000000080000000, 0x0000000100000000)
  region size 1024K, 15 young (15360K), 2 survivors (2048K)
 Metaspace       used 83521K, capacity 85749K, committed 85924K, reserved 591872K
  class space    used 10825K, capacity 11723K, committed 11776K, reserved 516096K
}
Event: 40.880 GC heap after
{Heap after GC invocations=25 (full 0):
 garbage-first heap   total 129024K, used 69199K [0x0000000080000000, 0x0000000100000000)
  region size 1024K, 3 young (3072K), 3 survivors (3072K)
 Metaspace       used 83521K, capacity 85749K, committed 85924K, reserved 591872K
  class space    used 10825K, capacity 11723K, committed 11776K, reserved 516096K
}

