# JRE version: Java(TM) SE Runtime Environment (11.0.2+9) (build 11.0.2+9-LTS)
# Java VM: Java HotSpot(TM) 64-Bit Server VM (11.0.2+9-LTS, mixed mode, tiered, compressed oops, g1 gc, windows-amd64)
Heap:
 garbage-first heap   total 65536K, used 19933K [0x00000000fc000000, 0x0000000100000000)
  region size 1024K, 11 young (11264K), 1 survivors (1024K)
 Metaspace       used 17140K, capacity 17457K, committed 17792K, reserved 1064960K
  class space    used 1945K, capacity 2058K, committed 2176K, reserved 1048576K
GC Heap History (6 events):
Event: 0.640 GC heap before
{Heap before GC invocations=0 (full 0):
 garbage-first heap   total 65536K, used 16384K [0x00000000fc000000, 0x0000000100000000)
  region size 1024K, 14 young (14336K), 0 survivors (0K)
 Metaspace       used 7574K, capacity 7761K, committed 7936K, reserved 1056768K
  class space    used 679K, capacity 754K, committed 768K, reserved 1048576K
}
Event: 0.644 GC heap after
{Heap after GC invocations=1 (full 0):
 garbage-first heap   total 65536K, used 3216K [0x00000000fc000000, 0x0000000100000000)
  region size 1024K, 2 young (2048K), 2 survivors (2048K)
 Metaspace       used 7574K, capacity 7761K, committed 7936K, reserved 1056768K
  class space    used 679K, capacity 754K, committed 768K, reserved 1048576K
}
Event: 1.036 GC heap before
{Heap before GC invocations=1 (full 0):
 garbage-first heap   total 65536K, used 17552K [0x00000000fc000000, 0x0000000100000000)
  region size 1024K, 14 young (14336K), 2 survivors (2048K)
 Metaspace       used 10764K, capacity 11068K, committed 11264K, reserved 1058816K
  class space    used 1135K, capacity 1242K, committed 1280K, reserved 1048576K
}
Event: 1.041 GC heap after
{Heap after GC invocations=2 (full 0):
 garbage-first heap   total 65536K, used 9620K [0x00000000fc000000, 0x0000000100000000)
  region size 1024K, 2 young (2048K), 2 survivors (2048K)
 Metaspace       used 10764K, capacity 11068K, committed 11264K, reserved 1058816K
  class space    used 1135K, capacity 1242K, committed 1280K, reserved 1048576K
}
Event: 5.171 GC heap before
{Heap before GC invocations=2 (full 0):
 garbage-first heap   total 65536K, used 31124K [0x00000000fc000000, 0x0000000100000000)
  region size 1024K, 23 young (23552K), 2 survivors (2048K)
 Metaspace       used 14989K, capacity 15273K, committed 15488K, reserved 1062912K
  class space    used 1746K, capacity 1838K, committed 1920K, reserved 1048576K
}
Event: 5.180 GC heap after
{Heap after GC invocations=3 (full 0):
 garbage-first heap   total 65536K, used 10717K [0x00000000fc000000, 0x0000000100000000)
  region size 1024K, 1 young (1024K), 1 survivors (1024K)
 Metaspace       used 14989K, capacity 15273K, committed 15488K, reserved 1062912K
  class space    used 1746K, capacity 1838K, committed 1920K, reserved 1048576K
}

